<?xml version="1.0" encoding="UTF-8"?>
<!-- Generated by org.testng.reporters.JUnitXMLReporter -->
<testsuite ignored="0" hostname="Junnies-MacBook-Air.local" failures="0" tests="7" name="TestProject with MS edge" time="53.324" errors="0" timestamp="2025-03-23T16:19:42 MYT">
  <testcase classname="automation.testsuite.Day16_QuanLyKLV_Test" name="@BeforeMethod openBrowser" time="0.008">
    <failure type="org.openqa.selenium.remote.NoSuchDriverException" message="Unable to obtain: msedgedriver, error msedgedriver must be executable: /Users/lejunnie/AutoTestClass_12/Test_Project/driver/msedgedriver
For documentation on this error, please visit: https://www.selenium.dev/documentation/webdriver/troubleshooting/errors/driver_location/
Build info: version: &amp;apos;4.28.0&amp;apos;, revision: &amp;apos;ac342546e9&amp;apos;
System info: os.name: &amp;apos;Mac OS X&amp;apos;, os.arch: &amp;apos;aarch64&amp;apos;, os.version: &amp;apos;15.3.2&amp;apos;, java.version: &amp;apos;11.0.24&amp;apos;
Driver info: driver.version: EdgeDriver">
      <![CDATA[org.openqa.selenium.remote.NoSuchDriverException: Unable to obtain: msedgedriver, error msedgedriver must be executable: /Users/lejunnie/AutoTestClass_12/Test_Project/driver/msedgedriver
For documentation on this error, please visit: https://www.selenium.dev/documentation/webdriver/troubleshooting/errors/driver_location/
Build info: version: '4.28.0', revision: 'ac342546e9'
System info: os.name: 'Mac OS X', os.arch: 'aarch64', os.version: '15.3.2', java.version: '11.0.24'
Driver info: driver.version: EdgeDriver
at org.openqa.selenium.remote.service.DriverFinder.getBinaryPaths(DriverFinder.java:121)
at org.openqa.selenium.remote.service.DriverFinder.getDriverPath(DriverFinder.java:55)
at org.openqa.selenium.edge.EdgeDriver.generateExecutor(EdgeDriver.java:71)
at org.openqa.selenium.edge.EdgeDriver.<init>(EdgeDriver.java:60)
at org.openqa.selenium.edge.EdgeDriver.<init>(EdgeDriver.java:56)
at org.openqa.selenium.edge.EdgeDriver.<init>(EdgeDriver.java:48)
at org.openqa.selenium.edge.EdgeDriver.<init>(EdgeDriver.java:44)
at automation.common.CommonBase.initBrowser(CommonBase.java:42)
at automation.testsuite.Day16_QuanLyKLV_Test.openBrowser(Day16_QuanLyKLV_Test.java:27)
at java.base/java.util.ArrayList.forEach(ArrayList.java:1541)
Caused by: java.lang.IllegalStateException: msedgedriver must be executable: /Users/lejunnie/AutoTestClass_12/Test_Project/driver/msedgedriver
at org.openqa.selenium.internal.Require$PathStateChecker.isExecutable(Require.java:480)
at org.openqa.selenium.remote.service.DriverFinder.getBinaryPaths(DriverFinder.java:118)
... 40 more
... Removed 31 stack frames]]>
    </failure>
  </testcase> <!-- @BeforeMethod openBrowser -->
  <testcase classname="automation.testsuite.Day16_QuanLyKLV_Test" name="@BeforeMethod openBrowser" time="-1.742717929562E9">
    <skipped/>
  </testcase> <!-- @BeforeMethod openBrowser -->
  <testcase classname="automation.testsuite.Day16_QuanLyKLV_Test" name="@BeforeMethod openBrowser" time="-1.742717929564E9">
    <skipped/>
  </testcase> <!-- @BeforeMethod openBrowser -->
  <testcase classname="automation.testsuite.Day16_QuanLyKLV_Test" name="@BeforeMethod openBrowser" time="-1.742717929567E9">
    <skipped/>
  </testcase> <!-- @BeforeMethod openBrowser -->
  <testcase classname="automation.testsuite.Day16_QuanLyKLV_Test" name="@BeforeMethod openBrowser" time="-1.74271792957E9">
    <skipped/>
  </testcase> <!-- @BeforeMethod openBrowser -->
  <testcase classname="automation.testsuite.Day16_QuanLyKLV_Test" name="addKLV_successfully" time="0.0">
    <skipped/>
  </testcase> <!-- addKLV_successfully -->
  <testcase classname="automation.testsuite.Day16_QuanLyKLV_Test" name="deleteKLV_successfully" time="0.0">
    <skipped/>
  </testcase> <!-- deleteKLV_successfully -->
  <testcase classname="automation.testsuite.Day16_QuanLyKLV_Test" name="addKLV_unsuccessfully_TH1" time="0.0">
    <skipped/>
  </testcase> <!-- addKLV_unsuccessfully_TH1 -->
  <testcase classname="automation.testsuite.Day16_QuanLyKLV_Test" name="addKLV_unsuccessfully_TH2" time="0.0">
    <skipped/>
  </testcase> <!-- addKLV_unsuccessfully_TH2 -->
  <testcase classname="automation.testsuite.Day16_QuanLyKLV_Test" name="addKLV_unsuccessfully_TH3" time="0.0">
    <skipped/>
  </testcase> <!-- addKLV_unsuccessfully_TH3 -->
  <testcase classname="automation.testsuite.Day16_Alert_Test" name="pressOKButton" time="0.807"/>
  <testcase classname="automation.testsuite.Day16_Alert_Test" name="pressCancelButton" time="41.049"/>
</testsuite> <!-- TestProject with MS edge -->
